<?xml version="1.0" encoding="UTF-8"?>
<!-- Generated by org.testng.reporters.JUnitReportReporter -->
<testsuite skipped="0" hostname="Gulshans-MacBook-Pro.local" name="engineer.ai.assignment.TestClass" tests="1" failures="0" timestamp="24 Aug 2019 11:40:02 GMT" time="11.464" errors="0">
  <testcase name="test_Hover" time="11.464" classname="engineer.ai.assignment.TestClass"/>
</testsuite> <!-- engineer.ai.assignment.TestClass -->
